c:\users\gameuser\documents\p4github\branching_difficulty_tree\branchingdifficulty\x64\debug\vc141.pdb
c:\users\gameuser\documents\p4github\branching_difficulty_tree\branchingdifficulty\x64\debug\vc141.idb
c:\users\gameuser\documents\p4github\branching_difficulty_tree\branchingdifficulty\x64\debug\collectible.obj
c:\users\gameuser\documents\p4github\branching_difficulty_tree\branchingdifficulty\x64\debug\enemy.obj
c:\users\gameuser\documents\p4github\branching_difficulty_tree\branchingdifficulty\x64\debug\fallingplatform.obj
c:\users\gameuser\documents\p4github\branching_difficulty_tree\branchingdifficulty\x64\debug\finishline.obj
c:\users\gameuser\documents\p4github\branching_difficulty_tree\branchingdifficulty\x64\debug\game.obj
c:\users\gameuser\documents\p4github\branching_difficulty_tree\branchingdifficulty\x64\debug\inputmanager.obj
c:\users\gameuser\documents\p4github\branching_difficulty_tree\branchingdifficulty\x64\debug\levelmanager.obj
c:\users\gameuser\documents\p4github\branching_difficulty_tree\branchingdifficulty\x64\debug\ltimer.obj
c:\users\gameuser\documents\p4github\branching_difficulty_tree\branchingdifficulty\x64\debug\main.obj
c:\users\gameuser\documents\p4github\branching_difficulty_tree\branchingdifficulty\x64\debug\menu.obj
c:\users\gameuser\documents\p4github\branching_difficulty_tree\branchingdifficulty\x64\debug\platform.obj
c:\users\gameuser\documents\p4github\branching_difficulty_tree\branchingdifficulty\x64\debug\player.obj
c:\users\gameuser\documents\p4github\branching_difficulty_tree\branchingdifficulty\x64\debug\renderer.obj
c:\users\gameuser\documents\p4github\branching_difficulty_tree\branchingdifficulty\x64\debug\spikes.obj
c:\users\gameuser\documents\p4github\branching_difficulty_tree\branchingdifficulty\x64\debug\sdl.ilk
c:\users\gameuser\documents\p4github\branching_difficulty_tree\branchingdifficulty\x64\debug\sdl.exe
c:\users\gameuser\documents\p4github\branching_difficulty_tree\branchingdifficulty\x64\debug\sdl.pdb
c:\users\gameuser\documents\p4github\branching_difficulty_tree\branchingdifficulty\x64\debug\sdl.tlog\cl.command.1.tlog
c:\users\gameuser\documents\p4github\branching_difficulty_tree\branchingdifficulty\x64\debug\sdl.tlog\cl.read.1.tlog
c:\users\gameuser\documents\p4github\branching_difficulty_tree\branchingdifficulty\x64\debug\sdl.tlog\cl.write.1.tlog
c:\users\gameuser\documents\p4github\branching_difficulty_tree\branchingdifficulty\x64\debug\sdl.tlog\link.command.1.tlog
c:\users\gameuser\documents\p4github\branching_difficulty_tree\branchingdifficulty\x64\debug\sdl.tlog\link.read.1.tlog
c:\users\gameuser\documents\p4github\branching_difficulty_tree\branchingdifficulty\x64\debug\sdl.tlog\link.write.1.tlog
